<?xml version="1.0" encoding="UTF-8"?>
<testng-results ignored="0" total="2" passed="2" failed="0" skipped="0">
  <reporter-output>
  </reporter-output>
  <suite started-at="2024-08-01T21:42:22 IST" name="Default suite" finished-at="2024-08-01T21:42:48 IST" duration-ms="26264">
    <groups>
    </groups>
    <test started-at="2024-08-01T21:42:22 IST" name="Default test" finished-at="2024-08-01T21:42:48 IST" duration-ms="26264">
      <class name="demo.Data_Provider">
        <test-method signature="login([Ljava.lang.String;)[pri:0, instance:demo.Data_Provider@359f7cdf]" started-at="2024-08-01T21:42:22 IST" name="login" data-provider="dataSender" finished-at="2024-08-01T21:42:38 IST" duration-ms="16048" status="PASS">
          <params>
            <param index="0">
              <value>
                <![CDATA[[Ljava.lang.String;@51a06cbe]]>
              </value>
            </param>
          </params>
          <reporter-output>
          </reporter-output>
        </test-method> <!-- login -->
        <test-method signature="login([Ljava.lang.String;)[pri:0, instance:demo.Data_Provider@359f7cdf]" started-at="2024-08-01T21:42:38 IST" name="login" data-provider="dataSender" finished-at="2024-08-01T21:42:48 IST" duration-ms="10129" status="PASS">
          <params>
            <param index="0">
              <value>
                <![CDATA[[Ljava.lang.String;@5305c37d]]>
              </value>
            </param>
          </params>
          <reporter-output>
          </reporter-output>
        </test-method> <!-- login -->
      </class> <!-- demo.Data_Provider -->
    </test> <!-- Default test -->
  </suite> <!-- Default suite -->
</testng-results>
